<?xml version="1.0" encoding="UTF-8"?>
<!-- Generated by org.testng.reporters.JUnitReportReporter -->
<testsuite hostname="LAPTOP-19NTVE63" failures="0" tests="1" name="Umesh1stAppium.Appium1.DragDropDemo" time="7.814" errors="0" timestamp="2023-04-10T17:53:08 IST" skipped="0">
  <testcase classname="Umesh1stAppium.Appium1.DragDropDemo" name="DragDropTest" time="7.814"/>
  <system-out/>
</testsuite> <!-- Umesh1stAppium.Appium1.DragDropDemo -->
