<?xml version="1.0" encoding="UTF-8"?>
<!-- Generated by org.testng.reporters.JUnitReportReporter -->
<testsuite hostname="LAPTOP-19NTVE63" failures="0" tests="1" name="Umesh1stAppium.Appium1.MisceallanousAppiumActions" time="14.641" errors="0" timestamp="2023-04-10T18:26:46 IST" skipped="0">
  <testcase classname="Umesh1stAppium.Appium1.MisceallanousAppiumActions" name="Miscellanous" time="14.641"/>
  <system-out/>
</testsuite> <!-- Umesh1stAppium.Appium1.MisceallanousAppiumActions -->
