<?xml version="1.0" encoding="UTF-8"?>
<!-- Generated by org.testng.reporters.JUnitReportReporter -->
<testsuite hostname="LAPTOP-19NTVE63" failures="0" tests="1" name="Umesh1stAppium.Appium1.LongPress" time="6.272" errors="0" timestamp="2023-04-09T17:58:35 IST" skipped="0">
  <testcase classname="Umesh1stAppium.Appium1.LongPress" name="LongPressGesture" time="6.272"/>
  <system-out/>
</testsuite> <!-- Umesh1stAppium.Appium1.LongPress -->
