<?xml version="1.0" encoding="UTF-8"?>
<!-- Generated by org.testng.reporters.JUnitReportReporter -->
<testsuite hostname="LAPTOP-19NTVE63" failures="0" tests="1" name="Umesh1stAppium.Appium1.Appium_Basic" time="6.796" errors="0" timestamp="2023-04-08T17:46:40 IST" skipped="0">
  <testcase classname="Umesh1stAppium.Appium1.Appium_Basic" name="AppiumTest" time="6.796"/>
  <system-out/>
</testsuite> <!-- Umesh1stAppium.Appium1.Appium_Basic -->
