<?xml version="1.0" encoding="UTF-8"?>
<!-- Generated by org.testng.reporters.JUnitReportReporter -->
<testsuite hostname="LAPTOP-19NTVE63" failures="0" tests="1" name="Umesh1stAppium.Appium1.eCommerce_TC_1" time="69.567" errors="0" timestamp="2023-04-24T13:00:16 IST" skipped="0">
  <testcase classname="Umesh1stAppium.Appium1.eCommerce_TC_1" name="FillForm" time="69.567"/>
  <system-out/>
</testsuite> <!-- Umesh1stAppium.Appium1.eCommerce_TC_1 -->
