<?xml version="1.0" encoding="UTF-8"?>
<!-- Generated by org.testng.reporters.JUnitReportReporter -->
<testsuite hostname="LAPTOP-19NTVE63" failures="0" tests="1" name="Umesh1stAppium.Appium1.eCommerce_TC_2" time="72.894" errors="0" timestamp="2023-04-13T11:58:35 IST" skipped="0">
  <testcase classname="Umesh1stAppium.Appium1.eCommerce_TC_2" name="FillForm" time="72.894"/>
  <system-out/>
</testsuite> <!-- Umesh1stAppium.Appium1.eCommerce_TC_2 -->
