<?xml version="1.0" encoding="UTF-8"?>
<!-- Generated by org.testng.reporters.JUnitReportReporter -->
<testsuite hostname="LAPTOP-19NTVE63" failures="0" tests="1" name="Umesh1stAppium.Appium1.ScrollDemo" time="28.004" errors="0" timestamp="2023-04-09T18:41:00 IST" skipped="0">
  <testcase classname="Umesh1stAppium.Appium1.ScrollDemo" name="ScrollDemoTest" time="28.004"/>
  <system-out/>
</testsuite> <!-- Umesh1stAppium.Appium1.ScrollDemo -->
